生成启动时间为 2020/2/16 21:18:25。
     1>项目“E:\好好学习吧！\力扣\P2P下载器\P2P下载器\P2P下载器.vcxproj”在节点 2 上(Build 个目标)。
     1>ClCompile:
         D:\Microsoft Visual Studio 12.0\VC\bin\CL.exe /c /ZI /nologo /W3 /WX- /sdl /Od /Oy- /D _UNICODE /D UNICODE /Gm /EHsc /RTC1 /MDd /GS /fp:precise /Zc:wchar_t /Zc:forScope /Fo"Debug\\" /Fd"Debug\vc120.pdb" /Gd /TP /analyze- /errorReport:prompt main.cpp
         main.cpp
     1>e:\好好学习吧！\力扣\p2p下载器\p2p下载器\util.h(58): warning C4244: “初始化”: 从“uint64_t”转换到“unsigned int”，可能丢失数据
     1>e:\好好学习吧！\力扣\p2p下载器\p2p下载器\httplib.h(1419): warning C4244: “参数”: 从“uint64_t”转换到“size_t”，可能丢失数据
     1>e:\好好学习吧！\力扣\p2p下载器\p2p下载器\httplib.h(1441): warning C4244: “参数”: 从“uint64_t”转换到“unsigned int”，可能丢失数据
     1>e:\好好学习吧！\力扣\p2p下载器\p2p下载器\httplib.h(1751): warning C4244: “参数”: 从“uint64_t”转换到“unsigned int”，可能丢失数据
     1>e:\好好学习吧！\力扣\p2p下载器\p2p下载器\httplib.h(2100): warning C4244: “=”: 从“uint64_t”转换到“size_t”，可能丢失数据
     1>e:\好好学习吧！\力扣\p2p下载器\p2p下载器\httplib.h(2227): warning C4244: “参数”: 从“unsigned __int64”转换到“unsigned int”，可能丢失数据
     1>e:\好好学习吧！\力扣\p2p下载器\p2p下载器\httplib.h(1382): warning C4244: “参数”: 从“uint64_t”转换到“size_t”，可能丢失数据
                 e:\好好学习吧！\力扣\p2p下载器\p2p下载器\httplib.h(2484): 参见对正在编译的函数 模板 实例化“bool httplib::detail::read_content<httplib::Request>(httplib::Stream &,T &,uint64_t,int &,httplib::Progress,httplib::detail::ContentReceiverCore)”的引用
                 with
                 [
                     T=httplib::Request
                 ]
     1>e:\好好学习吧！\力扣\p2p下载器\p2p下载器\httplib.h(1385): warning C4244: “参数”: 从“uint64_t”转换到“size_t”，可能丢失数据
     1>d:\microsoft visual studio 12.0\vc\include\xrefwrap(283): warning C4244: “参数”: 从“uint64_t”转换到“size_t”，可能丢失数据
                 d:\microsoft visual studio 12.0\vc\include\functional(228): 参见对正在编译的函数 模板 实例化“_Ret std::_Callable_obj<httplib::Server::process_request::<lambda_885699f25b403be91ebb358eb982b990>,false>::_ApplyX<_Rx,_Ty,unsigned __int64>(_Ty &&,unsigned __int64 &&)”的引用
                 with
                 [
                     _Ret=bool
         ,            _Rx=bool
         ,            _Ty=const char *
                 ]
                 d:\microsoft visual studio 12.0\vc\include\functional(228): 参见对正在编译的函数 模板 实例化“_Ret std::_Callable_obj<httplib::Server::process_request::<lambda_885699f25b403be91ebb358eb982b990>,false>::_ApplyX<_Rx,_Ty,unsigned __int64>(_Ty &&,unsigned __int64 &&)”的引用
                 with
                 [
                     _Ret=bool
         ,            _Rx=bool
         ,            _Ty=const char *
                 ]
                 d:\microsoft visual studio 12.0\vc\include\functional(226): 编译类 模板 成员函数“bool std::_Func_impl<_MyWrapper,_Alloc,_Ret,const char *,uint64_t>::_Do_call(const char *&&,uint64_t &&)”时
                 with
                 [
                     _Alloc=std::allocator<std::_Func_class<bool,const char *,uint64_t>>
         ,            _Ret=bool
                 ]
                 d:\microsoft visual studio 12.0\vc\include\functional(495): 参见对正在编译的类 模板 实例化“std::_Func_impl<_MyWrapper,_Alloc,_Ret,const char *,uint64_t>”的引用
                 with
                 [
                     _Alloc=std::allocator<std::_Func_class<bool,const char *,uint64_t>>
         ,            _Ret=bool
                 ]
                 d:\microsoft visual studio 12.0\vc\include\functional(396): 参见对正在编译的函数 模板 实例化“void std::_Func_class<_Ret,const char *,uint64_t>::_Do_alloc<_Myimpl,_Ty,_Alloc>(_Fty &&,_Alloc)”的引用
                 with
                 [
                     _Ret=bool
         ,            _Ty=httplib::Server::process_request::<lambda_885699f25b403be91ebb358eb982b990>
         ,            _Alloc=std::allocator<std::_Func_class<bool,const char *,uint64_t>>
         ,            _Fty=httplib::Server::process_request::<lambda_885699f25b403be91ebb358eb982b990>
                 ]
                 d:\microsoft visual studio 12.0\vc\include\functional(396): 参见对正在编译的函数 模板 实例化“void std::_Func_class<_Ret,const char *,uint64_t>::_Do_alloc<_Myimpl,_Ty,_Alloc>(_Fty &&,_Alloc)”的引用
                 with
                 [
                     _Ret=bool
         ,            _Ty=httplib::Server::process_request::<lambda_885699f25b403be91ebb358eb982b990>
         ,            _Alloc=std::allocator<std::_Func_class<bool,const char *,uint64_t>>
         ,            _Fty=httplib::Server::process_request::<lambda_885699f25b403be91ebb358eb982b990>
                 ]
                 d:\microsoft visual studio 12.0\vc\include\functional(385): 参见对正在编译的函数 模板 实例化“void std::_Func_class<_Ret,const char *,uint64_t>::_Reset_alloc<_Ty,std::allocator<std::_Func_class<_Ret,const char *,uint64_t>>>(_Fty &&,_Alloc)”的引用
                 with
                 [
                     _Ret=bool
         ,            _Ty=httplib::Server::process_request::<lambda_885699f25b403be91ebb358eb982b990>
         ,            _Fty=httplib::Server::process_request::<lambda_885699f25b403be91ebb358eb982b990>
         ,            _Alloc=std::allocator<std::_Func_class<bool,const char *,uint64_t>>
                 ]
                 d:\microsoft visual studio 12.0\vc\include\functional(385): 参见对正在编译的函数 模板 实例化“void std::_Func_class<_Ret,const char *,uint64_t>::_Reset_alloc<_Ty,std::allocator<std::_Func_class<_Ret,const char *,uint64_t>>>(_Fty &&,_Alloc)”的引用
                 with
                 [
                     _Ret=bool
         ,            _Ty=httplib::Server::process_request::<lambda_885699f25b403be91ebb358eb982b990>
         ,            _Fty=httplib::Server::process_request::<lambda_885699f25b403be91ebb358eb982b990>
         ,            _Alloc=std::allocator<std::_Func_class<bool,const char *,uint64_t>>
                 ]
                 d:\microsoft visual studio 12.0\vc\include\functional(671): 参见对正在编译的函数 模板 实例化“void std::_Func_class<_Ret,const char *,uint64_t>::_Reset<_Ty>(_Fty &&)”的引用
                 with
                 [
                     _Ret=bool
         ,            _Ty=httplib::Server::process_request::<lambda_885699f25b403be91ebb358eb982b990>
         ,            _Fty=httplib::Server::process_request::<lambda_885699f25b403be91ebb358eb982b990>
                 ]
                 d:\microsoft visual studio 12.0\vc\include\functional(671): 参见对正在编译的函数 模板 实例化“void std::_Func_class<_Ret,const char *,uint64_t>::_Reset<_Ty>(_Fty &&)”的引用
                 with
                 [
                     _Ret=bool
         ,            _Ty=httplib::Server::process_request::<lambda_885699f25b403be91ebb358eb982b990>
         ,            _Fty=httplib::Server::process_request::<lambda_885699f25b403be91ebb358eb982b990>
                 ]
                 e:\好好学习吧！\力扣\p2p下载器\p2p下载器\httplib.h(2484): 参见对正在编译的函数 模板 实例化“std::function<bool (const char *,uint64_t)>::function<httplib::Server::process_request::<lambda_885699f25b403be91ebb358eb982b990>>(_Fx &&)”的引用
                 with
                 [
                     _Fx=httplib::Server::process_request::<lambda_885699f25b403be91ebb358eb982b990>
                 ]
                 e:\好好学习吧！\力扣\p2p下载器\p2p下载器\httplib.h(2484): 参见对正在编译的函数 模板 实例化“std::function<bool (const char *,uint64_t)>::function<httplib::Server::process_request::<lambda_885699f25b403be91ebb358eb982b990>>(_Fx &&)”的引用
                 with
                 [
                     _Fx=httplib::Server::process_request::<lambda_885699f25b403be91ebb358eb982b990>
                 ]
       Link:
         D:\Microsoft Visual Studio 12.0\VC\bin\link.exe /ERRORREPORT:PROMPT /OUT:"E:\好好学习吧！\力扣\P2P下载器\Debug\P2P下载器.exe" /INCREMENTAL /NOLOGO kernel32.lib user32.lib gdi32.lib winspool.lib comdlg32.lib advapi32.lib shell32.lib ole32.lib oleaut32.lib uuid.lib odbc32.lib odbccp32.lib /MANIFEST /MANIFESTUAC:"level='asInvoker' uiAccess='false'" /manifest:embed /DEBUG /PDB:"E:\好好学习吧！\力扣\P2P下载器\Debug\P2P下载器.pdb" /TLBID:1 /DYNAMICBASE /NXCOMPAT /IMPLIB:"E:\好好学习吧！\力扣\P2P下载器\Debug\P2P下载器.lib" /MACHINE:X86 Debug\main.obj
         P2P下载器.vcxproj -> E:\好好学习吧！\力扣\P2P下载器\Debug\P2P下载器.exe
     1>已完成生成项目“E:\好好学习吧！\力扣\P2P下载器\P2P下载器\P2P下载器.vcxproj”(Build 个目标)的操作。

生成成功。

已用时间 00:00:08.98
