e:\gitup\project\conmempool\conmempool\debug\vc120.pdb
e:\gitup\project\conmempool\conmempool\debug\vc120.idb
e:\gitup\project\conmempool\conmempool\debug\benchmarktest.nativecodeanalysis.xml
e:\gitup\project\conmempool\conmempool\debug\centralcache.nativecodeanalysis.xml
e:\gitup\project\conmempool\conmempool\debug\pagecache.nativecodeanalysis.xml
e:\gitup\project\conmempool\conmempool\debug\unittest.nativecodeanalysis.xml
e:\gitup\project\conmempool\conmempool\debug\threadcache.nativecodeanalysis.xml
e:\gitup\project\conmempool\conmempool\debug\threadcache.obj
e:\gitup\project\conmempool\conmempool\debug\unittest.obj
e:\gitup\project\conmempool\conmempool\debug\pagecache.obj
e:\gitup\project\conmempool\conmempool\debug\centralcache.obj
e:\gitup\project\conmempool\conmempool\debug\benchmarktest.obj
e:\gitup\project\conmempool\debug\conmempool.ilk
e:\gitup\project\conmempool\debug\conmempool.exe
e:\gitup\project\conmempool\debug\conmempool.pdb
e:\gitup\project\conmempool\conmempool\debug\nativecodeanalysis.read.1.tlog
e:\gitup\project\conmempool\conmempool\debug\vc.nativecodeanalysis.all.xml
e:\gitup\project\conmempool\debug\conmempool.exe.lastcodeanalysissucceeded
e:\gitup\project\conmempool\conmempool\debug\conmempool.tlog\cl.command.1.tlog
e:\gitup\project\conmempool\conmempool\debug\conmempool.tlog\cl.read.1.tlog
e:\gitup\project\conmempool\conmempool\debug\conmempool.tlog\cl.write.1.tlog
e:\gitup\project\conmempool\conmempool\debug\conmempool.tlog\link.command.1.tlog
e:\gitup\project\conmempool\conmempool\debug\conmempool.tlog\link.read.1.tlog
e:\gitup\project\conmempool\conmempool\debug\conmempool.tlog\link.write.1.tlog
